<?xml version="1.0" encoding="UTF-8"?>
<testng-results skipped="0" failed="0" ignored="0" total="1" passed="1">
  <reporter-output>
  </reporter-output>
  <suite name="Default suite" duration-ms="3375" started-at="2020-05-14T11:41:05 IST" finished-at="2020-05-14T11:41:08 IST">
    <groups>
    </groups>
    <test name="Default test" duration-ms="3375" started-at="2020-05-14T11:41:05 IST" finished-at="2020-05-14T11:41:08 IST">
      <class name="toolSQA.SimpleGetTest">
        <test-method status="PASS" signature="GetWeatherDetails()[pri:0, instance:toolSQA.SimpleGetTest@3cef309d]" name="GetWeatherDetails" duration-ms="3330" started-at="2020-05-14T11:41:05 IST" finished-at="2020-05-14T11:41:08 IST">
          <reporter-output>
          </reporter-output>
        </test-method> <!-- GetWeatherDetails -->
      </class> <!-- toolSQA.SimpleGetTest -->
    </test> <!-- Default test -->
  </suite> <!-- Default suite -->
</testng-results>
